# JRE version: Java(TM) SE Runtime Environment (8.0_181-b13) (build 1.8.0_181-b13)
# Java VM: Java HotSpot(TM) 64-Bit Server VM (25.181-b13 mixed mode windows-amd64 compressed oops)
Heap:
 PSYoungGen      total 39936K, used 23786K [0x00000000d5d00000, 0x00000000d9e80000, 0x0000000100000000)
  eden space 26624K, 65% used [0x00000000d5d00000,0x00000000d6e06580,0x00000000d7700000)
  from space 13312K, 47% used [0x00000000d8880000,0x00000000d8eb4458,0x00000000d9580000)
  to   space 17920K, 0% used [0x00000000d7700000,0x00000000d7700000,0x00000000d8880000)
 ParOldGen       total 29696K, used 29479K [0x0000000081600000, 0x0000000083300000, 0x00000000d5d00000)
  object space 29696K, 99% used [0x0000000081600000,0x00000000832c9e40,0x0000000083300000)
 Metaspace       used 9789K, capacity 10324K, committed 10624K, reserved 1058816K
  class space    used 1008K, capacity 1040K, committed 1152K, reserved 1048576K
GC Heap History (10 events):
Event: 1.842 GC heap before
{Heap before GC invocations=16 (full 3):
 PSYoungGen      total 34816K, used 32447K [0x00000000d5d00000, 0x00000000d8b00000, 0x0000000100000000)
  eden space 26624K, 100% used [0x00000000d5d00000,0x00000000d7700000,0x00000000d7700000)
  from space 8192K, 71% used [0x00000000d8300000,0x00000000d88afc18,0x00000000d8b00000)
  to   space 10240K, 0% used [0x00000000d7700000,0x00000000d7700000,0x00000000d8100000)
 ParOldGen       total 29696K, used 18646K [0x0000000081600000, 0x0000000083300000, 0x00000000d5d00000)
  object space 29696K, 62% used [0x0000000081600000,0x00000000828359e8,0x0000000083300000)
 Metaspace       used 7841K, capacity 8564K, committed 8704K, reserved 1056768K
  class space    used 912K, capacity 944K, committed 1024K, reserved 1048576K
Event: 1.853 GC heap after
Heap after GC invocations=16 (full 3):
 PSYoungGen      total 36864K, used 10218K [0x00000000d5d00000, 0x00000000d9580000, 0x0000000100000000)
  eden space 26624K, 0% used [0x00000000d5d00000,0x00000000d5d00000,0x00000000d7700000)
  from space 10240K, 99% used [0x00000000d7700000,0x00000000d80fa870,0x00000000d8100000)
  to   space 13312K, 0% used [0x00000000d8880000,0x00000000d8880000,0x00000000d9580000)
 ParOldGen       total 29696K, used 22606K [0x0000000081600000, 0x0000000083300000, 0x00000000d5d00000)
  object space 29696K, 76% used [0x0000000081600000,0x0000000082c13b28,0x0000000083300000)
 Metaspace       used 7841K, capacity 8564K, committed 8704K, reserved 1056768K
  class space    used 912K, capacity 944K, committed 1024K, reserved 1048576K
}
Event: 2.221 GC heap before
{Heap before GC invocations=17 (full 3):
 PSYoungGen      total 36864K, used 36842K [0x00000000d5d00000, 0x00000000d9580000, 0x0000000100000000)
  eden space 26624K, 100% used [0x00000000d5d00000,0x00000000d7700000,0x00000000d7700000)
  from space 10240K, 99% used [0x00000000d7700000,0x00000000d80fa870,0x00000000d8100000)
  to   space 13312K, 0% used [0x00000000d8880000,0x00000000d8880000,0x00000000d9580000)
 ParOldGen       total 29696K, used 22606K [0x0000000081600000, 0x0000000083300000, 0x00000000d5d00000)
  object space 29696K, 76% used [0x0000000081600000,0x0000000082c13b28,0x0000000083300000)
 Metaspace       used 8147K, capacity 8884K, committed 9216K, reserved 1056768K
  class space    used 917K, capacity 944K, committed 1024K, reserved 1048576K
Event: 2.247 GC heap after
Heap after GC invocations=17 (full 3):
 PSYoungGen      total 39936K, used 13300K [0x00000000d5d00000, 0x00000000d9e80000, 0x0000000100000000)
  eden space 26624K, 0% used [0x00000000d5d00000,0x00000000d5d00000,0x00000000d7700000)
  from space 13312K, 99% used [0x00000000d8880000,0x00000000d957d3c8,0x00000000d9580000)
  to   space 17920K, 0% used [0x00000000d7700000,0x00000000d7700000,0x00000000d8880000)
 ParOldGen       total 29696K, used 28736K [0x0000000081600000, 0x0000000083300000, 0x00000000d5d00000)
  object space 29696K, 96% used [0x0000000081600000,0x0000000083210188,0x0000000083300000)
 Metaspace       used 8147K, capacity 8884K, committed 9216K, reserved 1056768K
  class space    used 917K, capacity 944K, committed 1024K, reserved 1048576K
}
Event: 2.247 GC heap before
{Heap before GC invocations=18 (full 4):
 PSYoungGen      total 39936K, used 13300K [0x00000000d5d00000, 0x00000000d9e80000, 0x0000000100000000)
  eden space 26624K, 0% used [0x00000000d5d00000,0x00000000d5d00000,0x00000000d7700000)
  from space 13312K, 99% used [0x00000000d8880000,0x00000000d957d3c8,0x00000000d9580000)
  to   space 17920K, 0% used [0x00000000d7700000,0x00000000d7700000,0x00000000d8880000)
 ParOldGen       total 29696K, used 28736K [0x0000000081600000, 0x0000000083300000, 0x00000000d5d00000)
  object space 29696K, 96% used [0x0000000081600000,0x0000000083210188,0x0000000083300000)
 Metaspace       used 8147K, capacity 8884K, committed 9216K, reserved 1056768K
  class space    used 917K, capacity 944K, committed 1024K, reserved 1048576K
Event: 2.443 GC heap after
Heap after GC invocations=18 (full 4):
 PSYoungGen      total 39936K, used 10654K [0x00000000d5d00000, 0x00000000d9e80000, 0x0000000100000000)
  eden space 26624K, 0% used [0x00000000d5d00000,0x00000000d5d00000,0x00000000d7700000)
  from space 13312K, 80% used [0x00000000d8880000,0x00000000d92e7838,0x00000000d9580000)
  to   space 17920K, 0% used [0x00000000d7700000,0x00000000d7700000,0x00000000d8880000)
 ParOldGen       total 29696K, used 29321K [0x0000000081600000, 0x0000000083300000, 0x00000000d5d00000)
  object space 29696K, 98% used [0x0000000081600000,0x00000000832a2440,0x0000000083300000)
 Metaspace       used 8147K, capacity 8884K, committed 9216K, reserved 1056768K
  class space    used 917K, capacity 944K, committed 1024K, reserved 1048576K
}
Event: 3.252 GC heap before
{Heap before GC invocations=19 (full 5):
 PSYoungGen      total 39936K, used 37278K [0x00000000d5d00000, 0x00000000d9e80000, 0x0000000100000000)
  eden space 26624K, 100% used [0x00000000d5d00000,0x00000000d7700000,0x00000000d7700000)
  from space 13312K, 80% used [0x00000000d8880000,0x00000000d92e7838,0x00000000d9580000)
  to   space 17920K, 0% used [0x00000000d7700000,0x00000000d7700000,0x00000000d8880000)
 ParOldGen       total 29696K, used 29321K [0x0000000081600000, 0x0000000083300000, 0x00000000d5d00000)
  object space 29696K, 98% used [0x0000000081600000,0x00000000832a2440,0x0000000083300000)
 Metaspace       used 9202K, capacity 9812K, committed 10112K, reserved 1058816K
  class space    used 1007K, capacity 1040K, committed 1152K, reserved 1048576K
Event: 3.384 GC heap after
Heap after GC invocations=19 (full 5):
 PSYoungGen      total 39936K, used 8986K [0x00000000d5d00000, 0x00000000d9e80000, 0x0000000100000000)
  eden space 26624K, 0% used [0x00000000d5d00000,0x00000000d5d00000,0x00000000d7700000)
  from space 13312K, 67% used [0x00000000d8880000,0x00000000d9146a88,0x00000000d9580000)
  to   space 17920K, 0% used [0x00000000d7700000,0x00000000d7700000,0x00000000d8880000)
 ParOldGen       total 29696K, used 29593K [0x0000000081600000, 0x0000000083300000, 0x00000000d5d00000)
  object space 29696K, 99% used [0x0000000081600000,0x00000000832e6710,0x0000000083300000)
 Metaspace       used 9202K, capacity 9812K, committed 10112K, reserved 1058816K
  class space    used 1007K, capacity 1040K, committed 1152K, reserved 1048576K
}
Event: 4.184 GC heap before
{Heap before GC invocations=20 (full 6):
 PSYoungGen      total 39936K, used 35610K [0x00000000d5d00000, 0x00000000d9e80000, 0x0000000100000000)
  eden space 26624K, 100% used [0x00000000d5d00000,0x00000000d7700000,0x00000000d7700000)
  from space 13312K, 67% used [0x00000000d8880000,0x00000000d9146a88,0x00000000d9580000)
  to   space 17920K, 0% used [0x00000000d7700000,0x00000000d7700000,0x00000000d8880000)
 ParOldGen       total 29696K, used 29593K [0x0000000081600000, 0x0000000083300000, 0x00000000d5d00000)
  object space 29696K, 99% used [0x0000000081600000,0x00000000832e6710,0x0000000083300000)
 Metaspace       used 9613K, capacity 10196K, committed 10368K, reserved 1058816K
  class space    used 1008K, capacity 1040K, committed 1152K, reserved 1048576K
Event: 4.276 GC heap after
Heap after GC invocations=20 (full 6):
 PSYoungGen      total 39936K, used 6353K [0x00000000d5d00000, 0x00000000d9e80000, 0x0000000100000000)
  eden space 26624K, 0% used [0x00000000d5d00000,0x00000000d5d00000,0x00000000d7700000)
  from space 13312K, 47% used [0x00000000d8880000,0x00000000d8eb4458,0x00000000d9580000)
  to   space 17920K, 0% used [0x00000000d7700000,0x00000000d7700000,0x00000000d8880000)
 ParOldGen       total 29696K, used 29479K [0x0000000081600000, 0x0000000083300000, 0x00000000d5d00000)
  object space 29696K, 99% used [0x0000000081600000,0x00000000832c9e40,0x0000000083300000)
 Metaspace       used 9613K, capacity 10196K, committed 10368K, reserved 1058816K
  class space    used 1008K, capacity 1040K, committed 1152K, reserved 1048576K
}

